2023-09-13 12:33:23 0 [Note] Starting MariaDB 10.4.28-MariaDB source revision c8f2e9a5c0ac5905f28b050b7df5a9ffd914b7e7 as process 8772
2023-09-13 12:33:23 0 [Note] InnoDB: Mutexes and rw_locks use Windows interlocked functions
2023-09-13 12:33:23 0 [Note] InnoDB: Uses event mutexes
2023-09-13 12:33:23 0 [Note] InnoDB: Compressed tables use zlib 1.2.12
2023-09-13 12:33:23 0 [Note] InnoDB: Number of pools: 1
2023-09-13 12:33:23 0 [Note] InnoDB: Using SSE2 crc32 instructions
2023-09-13 12:33:23 0 [Note] InnoDB: Initializing buffer pool, total size = 16M, instances = 1, chunk size = 16M
2023-09-13 12:33:23 0 [Note] InnoDB: Completed initialization of buffer pool
2023-09-13 12:33:24 0 [Note] InnoDB: Starting crash recovery from checkpoint LSN=300288
2023-09-13 12:33:25 0 [Note] InnoDB: 128 out of 128 rollback segments are active.
2023-09-13 12:33:25 0 [Note] InnoDB: Removed temporary tablespace data file: "ibtmp1"
2023-09-13 12:33:25 0 [Note] InnoDB: Creating shared tablespace for temporary tables
2023-09-13 12:33:25 0 [Note] InnoDB: Setting file 'C:\Users\auron\OneDrive\Escritorio\XAMPP\mysql\data\ibtmp1' size to 12 MB. Physically writing the file full; Please wait ...
2023-09-13 12:33:25 0 [Note] InnoDB: File 'C:\Users\auron\OneDrive\Escritorio\XAMPP\mysql\data\ibtmp1' size is now 12 MB.
2023-09-13 12:33:25 0 [Note] InnoDB: Waiting for purge to start
2023-09-13 12:33:25 0 [Note] InnoDB: 10.4.28 started; log sequence number 300297; transaction id 170
2023-09-13 12:33:25 0 [Note] InnoDB: Loading buffer pool(s) from C:\Users\auron\OneDrive\Escritorio\XAMPP\mysql\data\ib_buffer_pool
2023-09-13 12:33:25 0 [Note] Plugin 'FEEDBACK' is disabled.
2023-09-13 12:33:25 0 [Note] Server socket created on IP: '::'.
2023-09-13 12:48:27 0 [Note] Starting MariaDB 10.4.28-MariaDB source revision c8f2e9a5c0ac5905f28b050b7df5a9ffd914b7e7 as process 11400
2023-09-13 12:48:27 0 [Note] InnoDB: Mutexes and rw_locks use Windows interlocked functions
2023-09-13 12:48:27 0 [Note] InnoDB: Uses event mutexes
2023-09-13 12:48:27 0 [Note] InnoDB: Compressed tables use zlib 1.2.12
2023-09-13 12:48:27 0 [Note] InnoDB: Number of pools: 1
2023-09-13 12:48:27 0 [Note] InnoDB: Using SSE2 crc32 instructions
2023-09-13 12:48:27 0 [Note] InnoDB: Initializing buffer pool, total size = 16M, instances = 1, chunk size = 16M
2023-09-13 12:48:27 0 [Note] InnoDB: Completed initialization of buffer pool
2023-09-13 12:48:27 0 [Note] InnoDB: Starting crash recovery from checkpoint LSN=304241
2023-09-13 12:48:28 0 [Note] InnoDB: 128 out of 128 rollback segments are active.
2023-09-13 12:48:28 0 [Note] InnoDB: Removed temporary tablespace data file: "ibtmp1"
2023-09-13 12:48:28 0 [Note] InnoDB: Creating shared tablespace for temporary tables
2023-09-13 12:48:28 0 [Note] InnoDB: Setting file 'C:\Users\auron\OneDrive\Escritorio\XAMPP\mysql\data\ibtmp1' size to 12 MB. Physically writing the file full; Please wait ...
2023-09-13 12:48:28 0 [Note] InnoDB: File 'C:\Users\auron\OneDrive\Escritorio\XAMPP\mysql\data\ibtmp1' size is now 12 MB.
2023-09-13 12:48:28 0 [Note] InnoDB: Waiting for purge to start
2023-09-13 12:48:28 0 [Note] InnoDB: 10.4.28 started; log sequence number 304250; transaction id 195
2023-09-13 12:48:28 0 [Note] InnoDB: Loading buffer pool(s) from C:\Users\auron\OneDrive\Escritorio\XAMPP\mysql\data\ib_buffer_pool
2023-09-13 12:48:28 0 [Note] Plugin 'FEEDBACK' is disabled.
2023-09-13 12:48:28 0 [Note] Server socket created on IP: '::'.
2023-09-13 12:51:12 0 [Note] Starting MariaDB 10.4.28-MariaDB source revision c8f2e9a5c0ac5905f28b050b7df5a9ffd914b7e7 as process 2768
2023-09-13 12:51:12 0 [Note] InnoDB: Mutexes and rw_locks use Windows interlocked functions
2023-09-13 12:51:12 0 [Note] InnoDB: Uses event mutexes
2023-09-13 12:51:12 0 [Note] InnoDB: Compressed tables use zlib 1.2.12
2023-09-13 12:51:12 0 [Note] InnoDB: Number of pools: 1
2023-09-13 12:51:12 0 [Note] InnoDB: Using SSE2 crc32 instructions
2023-09-13 12:51:12 0 [Note] InnoDB: Initializing buffer pool, total size = 16M, instances = 1, chunk size = 16M
2023-09-13 12:51:12 0 [Note] InnoDB: Completed initialization of buffer pool
2023-09-13 12:51:12 0 [Note] InnoDB: Starting crash recovery from checkpoint LSN=304259
2023-09-13 12:51:12 0 [Note] InnoDB: 128 out of 128 rollback segments are active.
2023-09-13 12:51:12 0 [Note] InnoDB: Removed temporary tablespace data file: "ibtmp1"
2023-09-13 12:51:12 0 [Note] InnoDB: Creating shared tablespace for temporary tables
2023-09-13 12:51:12 0 [Note] InnoDB: Setting file 'C:\Users\auron\OneDrive\Escritorio\XAMPP\mysql\data\ibtmp1' size to 12 MB. Physically writing the file full; Please wait ...
2023-09-13 12:51:12 0 [Note] InnoDB: File 'C:\Users\auron\OneDrive\Escritorio\XAMPP\mysql\data\ibtmp1' size is now 12 MB.
2023-09-13 12:51:12 0 [Note] InnoDB: Waiting for purge to start
2023-09-13 12:51:13 0 [Note] InnoDB: 10.4.28 started; log sequence number 304268; transaction id 195
2023-09-13 12:51:13 0 [Note] InnoDB: Loading buffer pool(s) from C:\Users\auron\OneDrive\Escritorio\XAMPP\mysql\data\ib_buffer_pool
2023-09-13 12:51:13 0 [Note] Plugin 'FEEDBACK' is disabled.
2023-09-13 12:51:13 0 [Note] Server socket created on IP: '::'.
2023-09-13 12:54:29 0 [Note] Starting MariaDB 10.4.28-MariaDB source revision c8f2e9a5c0ac5905f28b050b7df5a9ffd914b7e7 as process 11096
2023-09-13 12:54:29 0 [Note] InnoDB: Mutexes and rw_locks use Windows interlocked functions
2023-09-13 12:54:29 0 [Note] InnoDB: Uses event mutexes
2023-09-13 12:54:29 0 [Note] InnoDB: Compressed tables use zlib 1.2.12
2023-09-13 12:54:29 0 [Note] InnoDB: Number of pools: 1
2023-09-13 12:54:29 0 [Note] InnoDB: Using SSE2 crc32 instructions
2023-09-13 12:54:29 0 [Note] InnoDB: Initializing buffer pool, total size = 16M, instances = 1, chunk size = 16M
2023-09-13 12:54:29 0 [Note] InnoDB: Completed initialization of buffer pool
2023-09-13 12:54:29 0 [Note] InnoDB: Starting crash recovery from checkpoint LSN=304277
2023-09-13 12:54:30 0 [Note] InnoDB: 128 out of 128 rollback segments are active.
2023-09-13 12:54:30 0 [Note] InnoDB: Removed temporary tablespace data file: "ibtmp1"
2023-09-13 12:54:30 0 [Note] InnoDB: Creating shared tablespace for temporary tables
2023-09-13 12:54:30 0 [Note] InnoDB: Setting file 'C:\Users\auron\OneDrive\Escritorio\XAMPP\mysql\data\ibtmp1' size to 12 MB. Physically writing the file full; Please wait ...
2023-09-13 12:54:30 0 [Note] InnoDB: File 'C:\Users\auron\OneDrive\Escritorio\XAMPP\mysql\data\ibtmp1' size is now 12 MB.
2023-09-13 12:54:30 0 [Note] InnoDB: Waiting for purge to start
2023-09-13 12:54:31 0 [Note] InnoDB: 10.4.28 started; log sequence number 304286; transaction id 195
2023-09-13 12:54:31 0 [Note] InnoDB: Loading buffer pool(s) from C:\Users\auron\OneDrive\Escritorio\XAMPP\mysql\data\ib_buffer_pool
2023-09-13 12:54:31 0 [Note] Plugin 'FEEDBACK' is disabled.
2023-09-13 12:54:31 0 [Note] Server socket created on IP: '::'.
2023-09-13 13:01:00 0 [Note] Starting MariaDB 10.4.28-MariaDB source revision c8f2e9a5c0ac5905f28b050b7df5a9ffd914b7e7 as process 2824
2023-09-13 13:01:00 0 [Note] InnoDB: Mutexes and rw_locks use Windows interlocked functions
2023-09-13 13:01:00 0 [Note] InnoDB: Uses event mutexes
2023-09-13 13:01:00 0 [Note] InnoDB: Compressed tables use zlib 1.2.12
2023-09-13 13:01:00 0 [Note] InnoDB: Number of pools: 1
2023-09-13 13:01:00 0 [Note] InnoDB: Using SSE2 crc32 instructions
2023-09-13 13:01:00 0 [Note] InnoDB: Initializing buffer pool, total size = 16M, instances = 1, chunk size = 16M
2023-09-13 13:01:00 0 [Note] InnoDB: Completed initialization of buffer pool
2023-09-13 13:01:00 0 [Note] InnoDB: Starting crash recovery from checkpoint LSN=304295
2023-09-13 13:01:01 0 [Note] InnoDB: 128 out of 128 rollback segments are active.
2023-09-13 13:01:01 0 [Note] InnoDB: Removed temporary tablespace data file: "ibtmp1"
2023-09-13 13:01:01 0 [Note] InnoDB: Creating shared tablespace for temporary tables
2023-09-13 13:01:01 0 [Note] InnoDB: Setting file 'C:\Users\auron\OneDrive\Escritorio\XAMPP\mysql\data\ibtmp1' size to 12 MB. Physically writing the file full; Please wait ...
2023-09-13 13:01:01 0 [Note] InnoDB: File 'C:\Users\auron\OneDrive\Escritorio\XAMPP\mysql\data\ibtmp1' size is now 12 MB.
2023-09-13 13:01:01 0 [Note] InnoDB: Waiting for purge to start
2023-09-13 13:01:01 0 [Note] InnoDB: 10.4.28 started; log sequence number 304304; transaction id 195
2023-09-13 13:01:01 0 [Note] InnoDB: Loading buffer pool(s) from C:\Users\auron\OneDrive\Escritorio\XAMPP\mysql\data\ib_buffer_pool
2023-09-13 13:01:01 0 [Note] Plugin 'FEEDBACK' is disabled.
2023-09-13 13:01:01 0 [Note] Server socket created on IP: '::'.
2023-09-13 14:22:37 0 [Note] Starting MariaDB 10.4.28-MariaDB source revision c8f2e9a5c0ac5905f28b050b7df5a9ffd914b7e7 as process 10192
2023-09-13 14:22:37 0 [Note] InnoDB: Mutexes and rw_locks use Windows interlocked functions
2023-09-13 14:22:37 0 [Note] InnoDB: Uses event mutexes
2023-09-13 14:22:37 0 [Note] InnoDB: Compressed tables use zlib 1.2.12
2023-09-13 14:22:37 0 [Note] InnoDB: Number of pools: 1
2023-09-13 14:22:37 0 [Note] InnoDB: Using SSE2 crc32 instructions
2023-09-13 14:22:37 0 [Note] InnoDB: Initializing buffer pool, total size = 16M, instances = 1, chunk size = 16M
2023-09-13 14:22:37 0 [Note] InnoDB: Completed initialization of buffer pool
2023-09-13 14:22:38 0 [Note] InnoDB: Starting crash recovery from checkpoint LSN=304313
2023-09-13 14:22:41 0 [Note] InnoDB: 128 out of 128 rollback segments are active.
2023-09-13 14:22:41 0 [Note] InnoDB: Removed temporary tablespace data file: "ibtmp1"
2023-09-13 14:22:41 0 [Note] InnoDB: Creating shared tablespace for temporary tables
2023-09-13 14:22:41 0 [Note] InnoDB: Setting file 'C:\Users\auron\OneDrive\Escritorio\XAMPP\mysql\data\ibtmp1' size to 12 MB. Physically writing the file full; Please wait ...
2023-09-13 14:22:41 0 [Note] InnoDB: File 'C:\Users\auron\OneDrive\Escritorio\XAMPP\mysql\data\ibtmp1' size is now 12 MB.
2023-09-13 14:22:41 0 [Note] InnoDB: Waiting for purge to start
2023-09-13 14:22:41 0 [Note] InnoDB: 10.4.28 started; log sequence number 304322; transaction id 195
2023-09-13 14:22:41 0 [Note] InnoDB: Loading buffer pool(s) from C:\Users\auron\OneDrive\Escritorio\XAMPP\mysql\data\ib_buffer_pool
2023-09-13 14:22:41 0 [Note] Plugin 'FEEDBACK' is disabled.
2023-09-13 14:22:41 0 [Note] Server socket created on IP: '::'.
2023-09-13 14:28:35 0 [Note] Starting MariaDB 10.4.28-MariaDB source revision c8f2e9a5c0ac5905f28b050b7df5a9ffd914b7e7 as process 10532
2023-09-13 14:28:35 0 [Note] InnoDB: Mutexes and rw_locks use Windows interlocked functions
2023-09-13 14:28:35 0 [Note] InnoDB: Uses event mutexes
2023-09-13 14:28:35 0 [Note] InnoDB: Compressed tables use zlib 1.2.12
2023-09-13 14:28:35 0 [Note] InnoDB: Number of pools: 1
2023-09-13 14:28:35 0 [Note] InnoDB: Using SSE2 crc32 instructions
2023-09-13 14:28:35 0 [Note] InnoDB: Initializing buffer pool, total size = 16M, instances = 1, chunk size = 16M
2023-09-13 14:28:35 0 [Note] InnoDB: Completed initialization of buffer pool
2023-09-13 14:28:35 0 [Note] InnoDB: Starting crash recovery from checkpoint LSN=304331
2023-09-13 14:28:35 0 [Note] InnoDB: 128 out of 128 rollback segments are active.
2023-09-13 14:28:35 0 [Note] InnoDB: Removed temporary tablespace data file: "ibtmp1"
2023-09-13 14:28:35 0 [Note] InnoDB: Creating shared tablespace for temporary tables
2023-09-13 14:28:35 0 [Note] InnoDB: Setting file 'C:\Users\auron\OneDrive\Escritorio\XAMPP\mysql\data\ibtmp1' size to 12 MB. Physically writing the file full; Please wait ...
2023-09-13 14:28:35 0 [Note] InnoDB: File 'C:\Users\auron\OneDrive\Escritorio\XAMPP\mysql\data\ibtmp1' size is now 12 MB.
2023-09-13 14:28:35 0 [Note] InnoDB: Waiting for purge to start
2023-09-13 14:28:35 0 [Note] InnoDB: 10.4.28 started; log sequence number 304340; transaction id 195
2023-09-13 14:28:35 0 [Note] InnoDB: Loading buffer pool(s) from C:\Users\auron\OneDrive\Escritorio\XAMPP\mysql\data\ib_buffer_pool
2023-09-13 14:28:35 0 [Note] Plugin 'FEEDBACK' is disabled.
2023-09-13 14:28:35 0 [Note] Server socket created on IP: '::'.
2023-09-13 14:37:03 0 [Note] Starting MariaDB 10.4.28-MariaDB source revision c8f2e9a5c0ac5905f28b050b7df5a9ffd914b7e7 as process 480
2023-09-13 14:37:03 0 [Note] InnoDB: Mutexes and rw_locks use Windows interlocked functions
2023-09-13 14:37:03 0 [Note] InnoDB: Uses event mutexes
2023-09-13 14:37:03 0 [Note] InnoDB: Compressed tables use zlib 1.2.12
2023-09-13 14:37:03 0 [Note] InnoDB: Number of pools: 1
2023-09-13 14:37:03 0 [Note] InnoDB: Using SSE2 crc32 instructions
2023-09-13 14:37:03 0 [Note] InnoDB: Initializing buffer pool, total size = 16M, instances = 1, chunk size = 16M
2023-09-13 14:37:03 0 [Note] InnoDB: Completed initialization of buffer pool
2023-09-13 14:37:03 0 [Note] InnoDB: Starting crash recovery from checkpoint LSN=304349
2023-09-13 14:37:03 0 [Note] InnoDB: 128 out of 128 rollback segments are active.
2023-09-13 14:37:03 0 [Note] InnoDB: Removed temporary tablespace data file: "ibtmp1"
2023-09-13 14:37:03 0 [Note] InnoDB: Creating shared tablespace for temporary tables
2023-09-13 14:37:03 0 [Note] InnoDB: Setting file 'C:\Users\auron\OneDrive\Escritorio\XAMPP\mysql\data\ibtmp1' size to 12 MB. Physically writing the file full; Please wait ...
2023-09-13 14:37:03 0 [Note] InnoDB: File 'C:\Users\auron\OneDrive\Escritorio\XAMPP\mysql\data\ibtmp1' size is now 12 MB.
2023-09-13 14:37:03 0 [Note] InnoDB: Waiting for purge to start
2023-09-13 14:37:03 0 [Note] InnoDB: 10.4.28 started; log sequence number 304358; transaction id 195
2023-09-13 14:37:03 0 [Note] InnoDB: Loading buffer pool(s) from C:\Users\auron\OneDrive\Escritorio\XAMPP\mysql\data\ib_buffer_pool
2023-09-13 14:37:03 0 [Note] Plugin 'FEEDBACK' is disabled.
2023-09-13 14:37:03 0 [Note] Server socket created on IP: '::'.
