[Wed Sep 13 12:33:16.704698 2023] [ssl:warn] [pid 6192:tid 400] AH01909: www.example.com:443:0 server certificate does NOT include an ID which matches the server name
[Wed Sep 13 12:33:16.814058 2023] [ssl:warn] [pid 6192:tid 400] AH01909: www.example.com:443:0 server certificate does NOT include an ID which matches the server name
[Wed Sep 13 12:33:16.892126 2023] [mpm_winnt:notice] [pid 6192:tid 400] AH00455: Apache/2.4.56 (Win64) OpenSSL/1.1.1t PHP/8.2.4 configured -- resuming normal operations
[Wed Sep 13 12:33:16.892126 2023] [mpm_winnt:notice] [pid 6192:tid 400] AH00456: Apache Lounge VS16 Server built: Mar  7 2023 13:21:03
[Wed Sep 13 12:33:16.892126 2023] [core:notice] [pid 6192:tid 400] AH00094: Command line: 'c:\\users\\auron\\onedrive\\escritorio\\xampp\\apache\\bin\\httpd.exe -d C:/Users/auron/OneDrive/Escritorio/XAMPP/apache'
[Wed Sep 13 12:33:16.892126 2023] [mpm_winnt:notice] [pid 6192:tid 400] AH00418: Parent: Created child process 4816
[Wed Sep 13 12:33:17.397755 2023] [ssl:warn] [pid 4816:tid 428] AH01909: www.example.com:443:0 server certificate does NOT include an ID which matches the server name
[Wed Sep 13 12:33:17.475897 2023] [ssl:warn] [pid 4816:tid 428] AH01909: www.example.com:443:0 server certificate does NOT include an ID which matches the server name
[Wed Sep 13 12:33:17.522710 2023] [mpm_winnt:notice] [pid 4816:tid 428] AH00354: Child: Starting 150 worker threads.
[Wed Sep 13 12:41:37.237784 2023] [php:warn] [pid 4816:tid 1904] [client ::1:50187] PHP Warning:  mail(): Failed to connect to mailserver at &quot;localhost&quot; port 25, verify your &quot;SMTP&quot; and &quot;smtp_port&quot; setting in php.ini or use ini_set() in C:\\Users\\auron\\OneDrive\\Escritorio\\XAMPP\\htdocs\\procesar.php on line 15, referer: http://localhost/form_test.html
[Wed Sep 13 12:48:27.144720 2023] [ssl:warn] [pid 12664:tid 400] AH01909: www.example.com:443:0 server certificate does NOT include an ID which matches the server name
[Wed Sep 13 12:48:27.222917 2023] [core:warn] [pid 12664:tid 400] AH00098: pid file C:/Users/auron/OneDrive/Escritorio/XAMPP/apache/logs/httpd.pid overwritten -- Unclean shutdown of previous Apache run?
[Wed Sep 13 12:48:27.222917 2023] [ssl:warn] [pid 12664:tid 400] AH01909: www.example.com:443:0 server certificate does NOT include an ID which matches the server name
[Wed Sep 13 12:48:27.285344 2023] [mpm_winnt:notice] [pid 12664:tid 400] AH00455: Apache/2.4.56 (Win64) OpenSSL/1.1.1t PHP/8.2.4 configured -- resuming normal operations
[Wed Sep 13 12:48:27.285344 2023] [mpm_winnt:notice] [pid 12664:tid 400] AH00456: Apache Lounge VS16 Server built: Mar  7 2023 13:21:03
[Wed Sep 13 12:48:27.285344 2023] [core:notice] [pid 12664:tid 400] AH00094: Command line: 'c:\\users\\auron\\onedrive\\escritorio\\xampp\\apache\\bin\\httpd.exe -d C:/Users/auron/OneDrive/Escritorio/XAMPP/apache'
[Wed Sep 13 12:48:27.285344 2023] [mpm_winnt:notice] [pid 12664:tid 400] AH00418: Parent: Created child process 2276
[Wed Sep 13 12:48:27.930685 2023] [ssl:warn] [pid 2276:tid 404] AH01909: www.example.com:443:0 server certificate does NOT include an ID which matches the server name
[Wed Sep 13 12:48:28.029157 2023] [ssl:warn] [pid 2276:tid 404] AH01909: www.example.com:443:0 server certificate does NOT include an ID which matches the server name
[Wed Sep 13 12:48:28.080061 2023] [mpm_winnt:notice] [pid 2276:tid 404] AH00354: Child: Starting 150 worker threads.
[Wed Sep 13 12:48:34.553870 2023] [php:warn] [pid 2276:tid 1908] [client ::1:50239] PHP Warning:  mail(): SMTP server response: 530 5.7.0 Must issue a STARTTLS command first. bh29-20020a056808181d00b003a99bb60815sm5308713oib.22 - gsmtp in C:\\Users\\auron\\OneDrive\\Escritorio\\XAMPP\\htdocs\\procesar.php on line 15, referer: http://localhost/form_test.html
[Wed Sep 13 12:50:23.668651 2023] [php:warn] [pid 2276:tid 1908] [client ::1:50252] PHP Warning:  mail(): SMTP server response: 530 5.7.0 Must issue a STARTTLS command first. l9-20020a544509000000b003a7750aae7dsm5318327oil.0 - gsmtp in C:\\Users\\auron\\OneDrive\\Escritorio\\XAMPP\\htdocs\\procesar.php on line 15, referer: http://localhost/form_test.html
[Wed Sep 13 12:51:11.989426 2023] [ssl:warn] [pid 8852:tid 400] AH01909: www.example.com:443:0 server certificate does NOT include an ID which matches the server name
[Wed Sep 13 12:51:12.063075 2023] [core:warn] [pid 8852:tid 400] AH00098: pid file C:/Users/auron/OneDrive/Escritorio/XAMPP/apache/logs/httpd.pid overwritten -- Unclean shutdown of previous Apache run?
[Wed Sep 13 12:51:12.078561 2023] [ssl:warn] [pid 8852:tid 400] AH01909: www.example.com:443:0 server certificate does NOT include an ID which matches the server name
[Wed Sep 13 12:51:12.125456 2023] [mpm_winnt:notice] [pid 8852:tid 400] AH00455: Apache/2.4.56 (Win64) OpenSSL/1.1.1t PHP/8.2.4 configured -- resuming normal operations
[Wed Sep 13 12:51:12.125456 2023] [mpm_winnt:notice] [pid 8852:tid 400] AH00456: Apache Lounge VS16 Server built: Mar  7 2023 13:21:03
[Wed Sep 13 12:51:12.125456 2023] [core:notice] [pid 8852:tid 400] AH00094: Command line: 'c:\\users\\auron\\onedrive\\escritorio\\xampp\\apache\\bin\\httpd.exe -d C:/Users/auron/OneDrive/Escritorio/XAMPP/apache'
[Wed Sep 13 12:51:12.125456 2023] [mpm_winnt:notice] [pid 8852:tid 400] AH00418: Parent: Created child process 6540
[Wed Sep 13 12:51:12.719250 2023] [ssl:warn] [pid 6540:tid 404] AH01909: www.example.com:443:0 server certificate does NOT include an ID which matches the server name
[Wed Sep 13 12:51:12.813094 2023] [ssl:warn] [pid 6540:tid 404] AH01909: www.example.com:443:0 server certificate does NOT include an ID which matches the server name
[Wed Sep 13 12:51:12.877846 2023] [mpm_winnt:notice] [pid 6540:tid 404] AH00354: Child: Starting 150 worker threads.
[Wed Sep 13 12:51:21.757350 2023] [php:warn] [pid 6540:tid 1908] [client ::1:50260] PHP Warning:  mail(): SMTP server response: 530 5.7.0 Must issue a STARTTLS command first. e24-20020a05683013d800b006b93c6c97basm5179974otq.44 - gsmtp in C:\\Users\\auron\\OneDrive\\Escritorio\\XAMPP\\htdocs\\procesar.php on line 15, referer: http://localhost/form_test.html
[Wed Sep 13 12:54:29.338796 2023] [ssl:warn] [pid 1132:tid 400] AH01909: www.example.com:443:0 server certificate does NOT include an ID which matches the server name
[Wed Sep 13 12:54:29.416901 2023] [core:warn] [pid 1132:tid 400] AH00098: pid file C:/Users/auron/OneDrive/Escritorio/XAMPP/apache/logs/httpd.pid overwritten -- Unclean shutdown of previous Apache run?
[Wed Sep 13 12:54:29.416901 2023] [ssl:warn] [pid 1132:tid 400] AH01909: www.example.com:443:0 server certificate does NOT include an ID which matches the server name
[Wed Sep 13 12:54:29.463796 2023] [mpm_winnt:notice] [pid 1132:tid 400] AH00455: Apache/2.4.56 (Win64) OpenSSL/1.1.1t PHP/8.2.4 configured -- resuming normal operations
[Wed Sep 13 12:54:29.463796 2023] [mpm_winnt:notice] [pid 1132:tid 400] AH00456: Apache Lounge VS16 Server built: Mar  7 2023 13:21:03
[Wed Sep 13 12:54:29.463796 2023] [core:notice] [pid 1132:tid 400] AH00094: Command line: 'c:\\users\\auron\\onedrive\\escritorio\\xampp\\apache\\bin\\httpd.exe -d C:/Users/auron/OneDrive/Escritorio/XAMPP/apache'
[Wed Sep 13 12:54:29.463796 2023] [mpm_winnt:notice] [pid 1132:tid 400] AH00418: Parent: Created child process 8348
[Wed Sep 13 12:54:30.073160 2023] [ssl:warn] [pid 8348:tid 408] AH01909: www.example.com:443:0 server certificate does NOT include an ID which matches the server name
[Wed Sep 13 12:54:30.166885 2023] [ssl:warn] [pid 8348:tid 408] AH01909: www.example.com:443:0 server certificate does NOT include an ID which matches the server name
[Wed Sep 13 12:54:30.213614 2023] [mpm_winnt:notice] [pid 8348:tid 408] AH00354: Child: Starting 150 worker threads.
[Wed Sep 13 12:54:48.529099 2023] [php:warn] [pid 8348:tid 1860] [client ::1:50274] PHP Warning:  mail(): SMTP server response: 530 5.7.0 Must issue a STARTTLS command first. y10-20020a544d8a000000b003a77e3c4b75sm5748865oix.47 - gsmtp in C:\\Users\\auron\\OneDrive\\Escritorio\\XAMPP\\htdocs\\procesar.php on line 15, referer: http://localhost/form_test.html
[Wed Sep 13 12:59:46.445532 2023] [php:warn] [pid 8348:tid 1860] [client ::1:50303] PHP Warning:  mail(): SMTP server response: 530 5.7.0 Must issue a STARTTLS command first. m21-20020a0568080f1500b003a9cd23980esm5351695oiw.8 - gsmtp in C:\\Users\\auron\\OneDrive\\Escritorio\\XAMPP\\htdocs\\procesar.php on line 15, referer: http://localhost/form_test.html
[Wed Sep 13 13:01:01.830238 2023] [ssl:warn] [pid 12452:tid 424] AH01909: www.example.com:443:0 server certificate does NOT include an ID which matches the server name
[Wed Sep 13 13:01:01.924963 2023] [core:warn] [pid 12452:tid 424] AH00098: pid file C:/Users/auron/OneDrive/Escritorio/XAMPP/apache/logs/httpd.pid overwritten -- Unclean shutdown of previous Apache run?
[Wed Sep 13 13:01:01.924963 2023] [ssl:warn] [pid 12452:tid 424] AH01909: www.example.com:443:0 server certificate does NOT include an ID which matches the server name
[Wed Sep 13 13:01:01.974250 2023] [mpm_winnt:notice] [pid 12452:tid 424] AH00455: Apache/2.4.56 (Win64) OpenSSL/1.1.1t PHP/8.2.4 configured -- resuming normal operations
[Wed Sep 13 13:01:01.974250 2023] [mpm_winnt:notice] [pid 12452:tid 424] AH00456: Apache Lounge VS16 Server built: Mar  7 2023 13:21:03
[Wed Sep 13 13:01:01.974250 2023] [core:notice] [pid 12452:tid 424] AH00094: Command line: 'c:\\users\\auron\\onedrive\\escritorio\\xampp\\apache\\bin\\httpd.exe -d C:/Users/auron/OneDrive/Escritorio/XAMPP/apache'
[Wed Sep 13 13:01:01.974250 2023] [mpm_winnt:notice] [pid 12452:tid 424] AH00418: Parent: Created child process 13032
[Wed Sep 13 13:01:02.595217 2023] [ssl:warn] [pid 13032:tid 412] AH01909: www.example.com:443:0 server certificate does NOT include an ID which matches the server name
[Wed Sep 13 13:01:02.673338 2023] [ssl:warn] [pid 13032:tid 412] AH01909: www.example.com:443:0 server certificate does NOT include an ID which matches the server name
[Wed Sep 13 13:01:02.720188 2023] [mpm_winnt:notice] [pid 13032:tid 412] AH00354: Child: Starting 150 worker threads.
[Wed Sep 13 13:01:09.326441 2023] [php:warn] [pid 13032:tid 1884] [client ::1:50314] PHP Warning:  mail(): SMTP server response: 530 5.7.0 Must issue a STARTTLS command first. t4-20020a056870180400b001c02f12abd0sm6388237oaf.38 - gsmtp in C:\\Users\\auron\\OneDrive\\Escritorio\\XAMPP\\htdocs\\procesar.php on line 15, referer: http://localhost/form_test.html
[Wed Sep 13 13:05:16.578044 2023] [php:warn] [pid 13032:tid 1884] [client ::1:50358] PHP Warning:  require(PHPMailer/Exception.php): Failed to open stream: No such file or directory in C:\\Users\\auron\\OneDrive\\Escritorio\\XAMPP\\htdocs\\procesar.php on line 5, referer: http://localhost/form_test.html
[Wed Sep 13 13:05:16.578044 2023] [php:error] [pid 13032:tid 1884] [client ::1:50358] PHP Fatal error:  Uncaught Error: Failed opening required 'PHPMailer/Exception.php' (include_path='C:\\Users\\auron\\OneDrive\\Escritorio\\XAMPP\\php\\PEAR') in C:\\Users\\auron\\OneDrive\\Escritorio\\XAMPP\\htdocs\\procesar.php:5\nStack trace:\n#0 {main}\n  thrown in C:\\Users\\auron\\OneDrive\\Escritorio\\XAMPP\\htdocs\\procesar.php on line 5, referer: http://localhost/form_test.html
[Wed Sep 13 14:20:01.221919 2023] [php:warn] [pid 13032:tid 1884] [client ::1:50665] PHP Warning:  require(PHPMailer/Exception.php): Failed to open stream: No such file or directory in C:\\Users\\auron\\OneDrive\\Escritorio\\XAMPP\\htdocs\\procesar.php on line 5, referer: http://localhost/form_test.html
[Wed Sep 13 14:20:01.222943 2023] [php:error] [pid 13032:tid 1884] [client ::1:50665] PHP Fatal error:  Uncaught Error: Failed opening required 'PHPMailer/Exception.php' (include_path='C:\\Users\\auron\\OneDrive\\Escritorio\\XAMPP\\php\\PEAR') in C:\\Users\\auron\\OneDrive\\Escritorio\\XAMPP\\htdocs\\procesar.php:5\nStack trace:\n#0 {main}\n  thrown in C:\\Users\\auron\\OneDrive\\Escritorio\\XAMPP\\htdocs\\procesar.php on line 5, referer: http://localhost/form_test.html
[Wed Sep 13 14:22:39.435348 2023] [ssl:warn] [pid 12652:tid 400] AH01909: www.example.com:443:0 server certificate does NOT include an ID which matches the server name
[Wed Sep 13 14:22:39.574062 2023] [core:warn] [pid 12652:tid 400] AH00098: pid file C:/Users/auron/OneDrive/Escritorio/XAMPP/apache/logs/httpd.pid overwritten -- Unclean shutdown of previous Apache run?
[Wed Sep 13 14:22:39.577028 2023] [ssl:warn] [pid 12652:tid 400] AH01909: www.example.com:443:0 server certificate does NOT include an ID which matches the server name
[Wed Sep 13 14:22:39.625710 2023] [mpm_winnt:notice] [pid 12652:tid 400] AH00455: Apache/2.4.56 (Win64) OpenSSL/1.1.1t PHP/8.2.4 configured -- resuming normal operations
[Wed Sep 13 14:22:39.625710 2023] [mpm_winnt:notice] [pid 12652:tid 400] AH00456: Apache Lounge VS16 Server built: Mar  7 2023 13:21:03
[Wed Sep 13 14:22:39.625710 2023] [core:notice] [pid 12652:tid 400] AH00094: Command line: 'c:\\users\\auron\\onedrive\\escritorio\\xampp\\apache\\bin\\httpd.exe -d C:/Users/auron/OneDrive/Escritorio/XAMPP/apache'
[Wed Sep 13 14:22:39.625710 2023] [mpm_winnt:notice] [pid 12652:tid 400] AH00418: Parent: Created child process 3384
[Wed Sep 13 14:22:40.169210 2023] [ssl:warn] [pid 3384:tid 404] AH01909: www.example.com:443:0 server certificate does NOT include an ID which matches the server name
[Wed Sep 13 14:22:40.258702 2023] [ssl:warn] [pid 3384:tid 404] AH01909: www.example.com:443:0 server certificate does NOT include an ID which matches the server name
[Wed Sep 13 14:22:40.316158 2023] [mpm_winnt:notice] [pid 3384:tid 404] AH00354: Child: Starting 150 worker threads.
[Wed Sep 13 14:28:34.525489 2023] [ssl:warn] [pid 3740:tid 424] AH01909: www.example.com:443:0 server certificate does NOT include an ID which matches the server name
[Wed Sep 13 14:28:34.620755 2023] [core:warn] [pid 3740:tid 424] AH00098: pid file C:/Users/auron/OneDrive/Escritorio/XAMPP/apache/logs/httpd.pid overwritten -- Unclean shutdown of previous Apache run?
[Wed Sep 13 14:28:34.620755 2023] [ssl:warn] [pid 3740:tid 424] AH01909: www.example.com:443:0 server certificate does NOT include an ID which matches the server name
[Wed Sep 13 14:28:34.675635 2023] [mpm_winnt:notice] [pid 3740:tid 424] AH00455: Apache/2.4.56 (Win64) OpenSSL/1.1.1t PHP/8.2.4 configured -- resuming normal operations
[Wed Sep 13 14:28:34.675635 2023] [mpm_winnt:notice] [pid 3740:tid 424] AH00456: Apache Lounge VS16 Server built: Mar  7 2023 13:21:03
[Wed Sep 13 14:28:34.675635 2023] [core:notice] [pid 3740:tid 424] AH00094: Command line: 'c:\\users\\auron\\onedrive\\escritorio\\xampp\\apache\\bin\\httpd.exe -d C:/Users/auron/OneDrive/Escritorio/XAMPP/apache'
[Wed Sep 13 14:28:34.675635 2023] [mpm_winnt:notice] [pid 3740:tid 424] AH00418: Parent: Created child process 4072
[Wed Sep 13 14:28:35.303159 2023] [ssl:warn] [pid 4072:tid 428] AH01909: www.example.com:443:0 server certificate does NOT include an ID which matches the server name
[Wed Sep 13 14:28:35.410955 2023] [ssl:warn] [pid 4072:tid 428] AH01909: www.example.com:443:0 server certificate does NOT include an ID which matches the server name
[Wed Sep 13 14:28:35.470621 2023] [mpm_winnt:notice] [pid 4072:tid 428] AH00354: Child: Starting 150 worker threads.
[Wed Sep 13 14:37:03.049900 2023] [ssl:warn] [pid 5952:tid 440] AH01909: www.example.com:443:0 server certificate does NOT include an ID which matches the server name
[Wed Sep 13 14:37:03.151658 2023] [core:warn] [pid 5952:tid 440] AH00098: pid file C:/Users/auron/OneDrive/Escritorio/XAMPP/apache/logs/httpd.pid overwritten -- Unclean shutdown of previous Apache run?
[Wed Sep 13 14:37:03.155614 2023] [ssl:warn] [pid 5952:tid 440] AH01909: www.example.com:443:0 server certificate does NOT include an ID which matches the server name
[Wed Sep 13 14:37:03.204485 2023] [mpm_winnt:notice] [pid 5952:tid 440] AH00455: Apache/2.4.56 (Win64) OpenSSL/1.1.1t PHP/8.2.4 configured -- resuming normal operations
[Wed Sep 13 14:37:03.204485 2023] [mpm_winnt:notice] [pid 5952:tid 440] AH00456: Apache Lounge VS16 Server built: Mar  7 2023 13:21:03
[Wed Sep 13 14:37:03.204485 2023] [core:notice] [pid 5952:tid 440] AH00094: Command line: 'c:\\users\\auron\\onedrive\\escritorio\\xampp\\apache\\bin\\httpd.exe -d C:/Users/auron/OneDrive/Escritorio/XAMPP/apache'
[Wed Sep 13 14:37:03.208476 2023] [mpm_winnt:notice] [pid 5952:tid 440] AH00418: Parent: Created child process 11960
[Wed Sep 13 14:37:03.856420 2023] [ssl:warn] [pid 11960:tid 436] AH01909: www.example.com:443:0 server certificate does NOT include an ID which matches the server name
[Wed Sep 13 14:37:03.945828 2023] [ssl:warn] [pid 11960:tid 436] AH01909: www.example.com:443:0 server certificate does NOT include an ID which matches the server name
[Wed Sep 13 14:37:04.000131 2023] [mpm_winnt:notice] [pid 11960:tid 436] AH00354: Child: Starting 150 worker threads.
